2020-03-03 13:42:31,077 INFO org.springframework.boot.StartupInfoLogger [main] Starting DdpApplication on PradiseXPS with PID 33576 (D:\ParadiseProject\GitHub\ddp\target\classes started by Paradise in D:\ParadiseProject\GitHub\ddp)
2020-03-03 13:42:31,089 DEBUG org.springframework.boot.StartupInfoLogger [main] Running with Spring Boot v2.1.1.RELEASE, Spring v5.1.3.RELEASE
2020-03-03 13:42:31,092 INFO org.springframework.boot.SpringApplication [main] No active profile set, falling back to default profiles: default
2020-03-03 13:42:32,251 INFO org.springframework.boot.web.embedded.tomcat.TomcatWebServer [main] Tomcat initialized with port(s): 8080 (http)
2020-03-03 13:42:32,266 INFO org.apache.juli.logging.DirectJDKLog [main] Initializing ProtocolHandler ["http-nio-8080"]
2020-03-03 13:42:32,276 INFO org.apache.juli.logging.DirectJDKLog [main] Starting service [Tomcat]
2020-03-03 13:42:32,277 INFO org.apache.juli.logging.DirectJDKLog [main] Starting Servlet Engine: Apache Tomcat/9.0.13
2020-03-03 13:42:32,284 INFO org.apache.juli.logging.DirectJDKLog [main] Loaded APR based Apache Tomcat Native library [1.2.21] using APR version [1.6.5].
2020-03-03 13:42:32,285 INFO org.apache.juli.logging.DirectJDKLog [main] APR capabilities: IPv6 [true], sendfile [true], accept filters [false], random [true].
2020-03-03 13:42:32,285 INFO org.apache.juli.logging.DirectJDKLog [main] APR/OpenSSL configuration: useAprConnector [false], useOpenSSL [true]
2020-03-03 13:42:32,289 INFO org.apache.juli.logging.DirectJDKLog [main] OpenSSL successfully initialized [OpenSSL 1.1.1a  20 Nov 2018]
2020-03-03 13:42:32,438 INFO org.apache.juli.logging.DirectJDKLog [main] Initializing Spring embedded WebApplicationContext
2020-03-03 13:42:32,438 INFO org.springframework.boot.web.servlet.context.ServletWebServerApplicationContext [main] Root WebApplicationContext: initialization completed in 1292 ms
2020-03-03 13:42:32,657 INFO org.springframework.scheduling.concurrent.ExecutorConfigurationSupport [main] Initializing ExecutorService 'applicationTaskExecutor'
2020-03-03 13:42:32,808 INFO org.quartz.impl.StdSchedulerFactory [main] Using default implementation for ThreadExecutor
2020-03-03 13:42:32,821 INFO org.quartz.core.SchedulerSignalerImpl [main] Initialized Scheduler Signaller of type: class org.quartz.core.SchedulerSignalerImpl
2020-03-03 13:42:32,821 INFO org.quartz.core.QuartzScheduler [main] Quartz Scheduler v.2.3.0 created.
2020-03-03 13:42:32,822 INFO org.quartz.simpl.RAMJobStore [main] RAMJobStore initialized.
2020-03-03 13:42:32,823 INFO org.quartz.core.QuartzScheduler [main] Scheduler meta-data: Quartz Scheduler (v2.3.0) 'quartzScheduler' with instanceId 'NON_CLUSTERED'
  Scheduler class: 'org.quartz.core.QuartzScheduler' - running locally.
  NOT STARTED.
  Currently in standby mode.
  Number of jobs executed: 0
  Using thread pool 'org.quartz.simpl.SimpleThreadPool' - with 10 threads.
  Using job-store 'org.quartz.simpl.RAMJobStore' - which does not support persistence. and is not clustered.

2020-03-03 13:42:32,823 INFO org.quartz.impl.StdSchedulerFactory [main] Quartz scheduler 'quartzScheduler' initialized from an externally provided properties instance.
2020-03-03 13:42:32,823 INFO org.quartz.impl.StdSchedulerFactory [main] Quartz scheduler version: 2.3.0
2020-03-03 13:42:32,823 INFO org.quartz.core.QuartzScheduler [main] JobFactory set to: org.springframework.scheduling.quartz.SpringBeanJobFactory@5d8ab698
2020-03-03 13:42:32,833 INFO org.springframework.scheduling.concurrent.ExecutorConfigurationSupport [main] Initializing ExecutorService 'taskScheduler'
2020-03-03 13:42:32,857 INFO org.springframework.scheduling.quartz.SchedulerFactoryBean [main] Starting Quartz Scheduler now
2020-03-03 13:42:32,858 INFO org.quartz.core.QuartzScheduler [main] Scheduler quartzScheduler_$_NON_CLUSTERED started.
2020-03-03 13:42:32,870 INFO org.apache.juli.logging.DirectJDKLog [main] Starting ProtocolHandler ["http-nio-8080"]
2020-03-03 13:42:32,882 INFO org.apache.juli.logging.DirectJDKLog [main] Using a shared selector for servlet write/read
2020-03-03 13:42:32,904 INFO org.springframework.boot.web.embedded.tomcat.TomcatWebServer [main] Tomcat started on port(s): 8080 (http) with context path ''
2020-03-03 13:42:32,909 INFO org.springframework.boot.StartupInfoLogger [main] Started DdpApplication in 2.728 seconds (JVM running for 4.09)
2020-03-03 13:43:00,003 INFO com.paradise.ddp.task.ScheduleTask [scheduling-1] server is running ...
2020-03-03 13:43:51,044 INFO org.apache.juli.logging.DirectJDKLog [http-nio-8080-exec-3] Initializing Spring DispatcherServlet 'dispatcherServlet'
2020-03-03 13:43:51,045 INFO org.springframework.web.servlet.FrameworkServlet [http-nio-8080-exec-3] Initializing Servlet 'dispatcherServlet'
2020-03-03 13:43:51,062 INFO org.springframework.web.servlet.FrameworkServlet [http-nio-8080-exec-3] Completed initialization in 17 ms
2020-03-03 13:43:56,540 INFO com.paradise.ddp.utils.PoemSendUtils [http-nio-8080-exec-1] {"data":{"popularity":2640,"origin":{"dynasty":"宋代","author":"苏轼","title":"江城子·梦中了了醉中醒","content":["陶渊明以正月五日游斜川，临流班坐，顾瞻南阜，爱曾城之独秀，乃作斜川诗，至今使人想见其处。元丰壬戌之春，余躬耕于东坡，筑雪堂居之，南挹四望亭之后丘，西控北山之微泉，慨然而叹，此亦斜川之游也。乃作长短句，以江城子歌之。","梦中了了醉中醒。只渊明，是前生。走遍人间，依旧却躬耕。昨夜东坡春雨足，乌鹊喜，报新晴。","雪堂西畔暗泉鸣。北山倾，小溪横。南望亭丘，孤秀耸曾城。都是斜川当日景，吾老矣，寄余龄。"]},"matchTags":["春"],"cacheAt":"2020-03-03T13:43:56.970699","recommendedReason":"","id":"5b8b9572e116fb3714e73b67","content":"昨夜东坡春雨足，乌鹊喜，报新晴。"},"ipAddress":"117.67.156.167","status":"success","token":"Xtw9qKYqtWSYAz51waUbbalXV/w2+w87"}
2020-03-03 13:43:56,540 INFO com.paradise.ddp.utils.PoemSendUtils [http-nio-8080-exec-1] >>>>>>>>>>>>>>>
2020-03-03 13:43:56,909 INFO com.dingtalk.chatbot.DentalCabotClient [http-nio-8080-exec-1] {"errorCode":0,"errorMsg":"ok","isSuccess":true}
2020-03-03 13:44:00,002 INFO com.paradise.ddp.task.ScheduleTask [scheduling-1] server is running ...
2020-03-03 13:45:00,002 INFO com.paradise.ddp.task.ScheduleTask [scheduling-1] server is running ...
2020-03-03 13:46:00,000 INFO com.paradise.ddp.task.ScheduleTask [scheduling-1] server is running ...
2020-03-03 13:47:00,001 INFO com.paradise.ddp.task.ScheduleTask [scheduling-1] server is running ...
2020-03-03 13:48:00,001 INFO com.paradise.ddp.task.ScheduleTask [scheduling-1] server is running ...
2020-03-03 13:49:00,002 INFO com.paradise.ddp.task.ScheduleTask [scheduling-1] server is running ...
2020-03-03 13:50:00,001 INFO com.paradise.ddp.task.ScheduleTask [scheduling-1] server is running ...
2020-03-03 13:51:00,001 INFO com.paradise.ddp.task.ScheduleTask [scheduling-1] server is running ...
2020-03-03 13:52:00,003 INFO com.paradise.ddp.task.ScheduleTask [scheduling-1] server is running ...
2020-03-03 13:53:00,001 INFO com.paradise.ddp.task.ScheduleTask [scheduling-1] server is running ...
2020-03-03 13:54:00,001 INFO com.paradise.ddp.task.ScheduleTask [scheduling-1] server is running ...
2020-03-03 13:55:00,002 INFO com.paradise.ddp.task.ScheduleTask [scheduling-1] server is running ...
2020-03-03 13:56:00,001 INFO com.paradise.ddp.task.ScheduleTask [scheduling-1] server is running ...
2020-03-03 13:57:00,002 INFO com.paradise.ddp.task.ScheduleTask [scheduling-1] server is running ...
2020-03-03 13:58:00,001 INFO com.paradise.ddp.task.ScheduleTask [scheduling-1] server is running ...
2020-03-03 13:59:00,002 INFO com.paradise.ddp.task.ScheduleTask [scheduling-1] server is running ...
2020-03-03 14:00:00,001 INFO com.paradise.ddp.task.ScheduleTask [scheduling-1] server is running ...
2020-03-03 14:01:00,001 INFO com.paradise.ddp.task.ScheduleTask [scheduling-1] server is running ...
2020-03-03 14:02:00,002 INFO com.paradise.ddp.task.ScheduleTask [scheduling-1] server is running ...
2020-03-03 14:03:00,000 INFO com.paradise.ddp.task.ScheduleTask [scheduling-1] server is running ...
2020-03-03 14:04:00,001 INFO com.paradise.ddp.task.ScheduleTask [scheduling-1] server is running ...
2020-03-03 14:05:00,002 INFO com.paradise.ddp.task.ScheduleTask [scheduling-1] server is running ...
2020-03-03 14:06:00,002 INFO com.paradise.ddp.task.ScheduleTask [scheduling-1] server is running ...
2020-03-03 14:07:00,000 INFO com.paradise.ddp.task.ScheduleTask [scheduling-1] server is running ...
2020-03-03 14:08:00,002 INFO com.paradise.ddp.task.ScheduleTask [scheduling-1] server is running ...
2020-03-03 14:09:00,001 INFO com.paradise.ddp.task.ScheduleTask [scheduling-1] server is running ...
2020-03-03 14:10:00,001 INFO com.paradise.ddp.task.ScheduleTask [scheduling-1] server is running ...
2020-03-03 14:11:00,002 INFO com.paradise.ddp.task.ScheduleTask [scheduling-1] server is running ...
2020-03-03 14:12:00,001 INFO com.paradise.ddp.task.ScheduleTask [scheduling-1] server is running ...
2020-03-03 14:13:00,002 INFO com.paradise.ddp.task.ScheduleTask [scheduling-1] server is running ...
2020-03-03 14:14:00,001 INFO com.paradise.ddp.task.ScheduleTask [scheduling-1] server is running ...
2020-03-03 14:15:00,001 INFO com.paradise.ddp.task.ScheduleTask [scheduling-1] server is running ...
2020-03-03 14:16:00,002 INFO com.paradise.ddp.task.ScheduleTask [scheduling-1] server is running ...
2020-03-03 14:17:00,000 INFO com.paradise.ddp.task.ScheduleTask [scheduling-1] server is running ...
2020-03-03 14:18:00,001 INFO com.paradise.ddp.task.ScheduleTask [scheduling-1] server is running ...
2020-03-03 14:19:00,002 INFO com.paradise.ddp.task.ScheduleTask [scheduling-1] server is running ...
2020-03-03 14:20:00,001 INFO com.paradise.ddp.task.ScheduleTask [scheduling-1] server is running ...
2020-03-03 14:21:00,002 INFO com.paradise.ddp.task.ScheduleTask [scheduling-1] server is running ...
2020-03-03 14:22:00,001 INFO com.paradise.ddp.task.ScheduleTask [scheduling-1] server is running ...
2020-03-03 14:23:00,002 INFO com.paradise.ddp.task.ScheduleTask [scheduling-1] server is running ...
2020-03-03 14:24:00,001 INFO com.paradise.ddp.task.ScheduleTask [scheduling-1] server is running ...
2020-03-03 14:25:00,002 INFO com.paradise.ddp.task.ScheduleTask [scheduling-1] server is running ...
2020-03-03 14:26:00,001 INFO com.paradise.ddp.task.ScheduleTask [scheduling-1] server is running ...
2020-03-03 14:27:00,002 INFO com.paradise.ddp.task.ScheduleTask [scheduling-1] server is running ...
2020-03-03 14:28:00,001 INFO com.paradise.ddp.task.ScheduleTask [scheduling-1] server is running ...
2020-03-03 14:29:00,001 INFO com.paradise.ddp.task.ScheduleTask [scheduling-1] server is running ...
2020-03-03 14:30:00,002 INFO com.paradise.ddp.task.ScheduleTask [scheduling-1] server is running ...
2020-03-03 14:30:20,020 INFO org.quartz.core.QuartzScheduler [Thread-9] Scheduler quartzScheduler_$_NON_CLUSTERED paused.
2020-03-03 14:30:20,023 INFO org.springframework.scheduling.concurrent.ExecutorConfigurationSupport [Thread-9] Shutting down ExecutorService 'taskScheduler'
2020-03-03 14:30:20,024 INFO org.springframework.scheduling.quartz.SchedulerFactoryBean [Thread-9] Shutting down Quartz Scheduler
2020-03-03 14:30:20,025 INFO org.quartz.core.QuartzScheduler [Thread-9] Scheduler quartzScheduler_$_NON_CLUSTERED shutting down.
2020-03-03 14:30:20,025 INFO org.quartz.core.QuartzScheduler [Thread-9] Scheduler quartzScheduler_$_NON_CLUSTERED paused.
2020-03-03 14:30:20,025 INFO org.quartz.core.QuartzScheduler [Thread-9] Scheduler quartzScheduler_$_NON_CLUSTERED shutdown complete.
2020-03-03 14:30:20,027 INFO org.springframework.scheduling.concurrent.ExecutorConfigurationSupport [Thread-9] Shutting down ExecutorService 'applicationTaskExecutor'
