2020-01-18 16:54:57,398 INFO org.springframework.boot.StartupInfoLogger [main] Starting DdpApplication on PradiseXPS with PID 22140 (D:\ParadiseProject\GitHub\ddp\target\classes started by Paradise in D:\ParadiseProject\GitHub\ddp)
2020-01-18 16:54:57,402 DEBUG org.springframework.boot.StartupInfoLogger [main] Running with Spring Boot v2.1.1.RELEASE, Spring v5.1.3.RELEASE
2020-01-18 16:54:57,404 INFO org.springframework.boot.SpringApplication [main] No active profile set, falling back to default profiles: default
2020-01-18 16:54:58,481 INFO org.springframework.boot.web.embedded.tomcat.TomcatWebServer [main] Tomcat initialized with port(s): 8008 (http)
2020-01-18 16:54:58,494 INFO org.apache.juli.logging.DirectJDKLog [main] Initializing ProtocolHandler ["http-nio-8008"]
2020-01-18 16:54:58,506 INFO org.apache.juli.logging.DirectJDKLog [main] Starting service [Tomcat]
2020-01-18 16:54:58,507 INFO org.apache.juli.logging.DirectJDKLog [main] Starting Servlet Engine: Apache Tomcat/9.0.13
2020-01-18 16:54:58,514 INFO org.apache.juli.logging.DirectJDKLog [main] Loaded APR based Apache Tomcat Native library [1.2.21] using APR version [1.6.5].
2020-01-18 16:54:58,515 INFO org.apache.juli.logging.DirectJDKLog [main] APR capabilities: IPv6 [true], sendfile [true], accept filters [false], random [true].
2020-01-18 16:54:58,515 INFO org.apache.juli.logging.DirectJDKLog [main] APR/OpenSSL configuration: useAprConnector [false], useOpenSSL [true]
2020-01-18 16:54:58,519 INFO org.apache.juli.logging.DirectJDKLog [main] OpenSSL successfully initialized [OpenSSL 1.1.1a  20 Nov 2018]
2020-01-18 16:54:58,637 INFO org.apache.juli.logging.DirectJDKLog [main] Initializing Spring embedded WebApplicationContext
2020-01-18 16:54:58,637 INFO org.springframework.boot.web.servlet.context.ServletWebServerApplicationContext [main] Root WebApplicationContext: initialization completed in 1187 ms
2020-01-18 16:54:58,899 INFO org.springframework.scheduling.concurrent.ExecutorConfigurationSupport [main] Initializing ExecutorService 'applicationTaskExecutor'
2020-01-18 16:54:59,087 INFO org.quartz.impl.StdSchedulerFactory [main] Using default implementation for ThreadExecutor
2020-01-18 16:54:59,098 INFO org.quartz.core.SchedulerSignalerImpl [main] Initialized Scheduler Signaller of type: class org.quartz.core.SchedulerSignalerImpl
2020-01-18 16:54:59,098 INFO org.quartz.core.QuartzScheduler [main] Quartz Scheduler v.2.3.0 created.
2020-01-18 16:54:59,099 INFO org.quartz.simpl.RAMJobStore [main] RAMJobStore initialized.
2020-01-18 16:54:59,101 INFO org.quartz.core.QuartzScheduler [main] Scheduler meta-data: Quartz Scheduler (v2.3.0) 'quartzScheduler' with instanceId 'NON_CLUSTERED'
  Scheduler class: 'org.quartz.core.QuartzScheduler' - running locally.
  NOT STARTED.
  Currently in standby mode.
  Number of jobs executed: 0
  Using thread pool 'org.quartz.simpl.SimpleThreadPool' - with 10 threads.
  Using job-store 'org.quartz.simpl.RAMJobStore' - which does not support persistence. and is not clustered.

2020-01-18 16:54:59,101 INFO org.quartz.impl.StdSchedulerFactory [main] Quartz scheduler 'quartzScheduler' initialized from an externally provided properties instance.
2020-01-18 16:54:59,101 INFO org.quartz.impl.StdSchedulerFactory [main] Quartz scheduler version: 2.3.0
2020-01-18 16:54:59,101 INFO org.quartz.core.QuartzScheduler [main] JobFactory set to: org.springframework.scheduling.quartz.SpringBeanJobFactory@2b0dc227
2020-01-18 16:54:59,112 INFO org.springframework.scheduling.concurrent.ExecutorConfigurationSupport [main] Initializing ExecutorService 'taskScheduler'
2020-01-18 16:54:59,148 INFO org.springframework.scheduling.quartz.SchedulerFactoryBean [main] Starting Quartz Scheduler now
2020-01-18 16:54:59,148 INFO org.quartz.core.QuartzScheduler [main] Scheduler quartzScheduler_$_NON_CLUSTERED started.
2020-01-18 16:54:59,160 INFO org.apache.juli.logging.DirectJDKLog [main] Starting ProtocolHandler ["http-nio-8008"]
2020-01-18 16:54:59,173 INFO org.apache.juli.logging.DirectJDKLog [main] Using a shared selector for servlet write/read
2020-01-18 16:54:59,196 INFO org.springframework.boot.web.embedded.tomcat.TomcatWebServer [main] Tomcat started on port(s): 8008 (http) with context path ''
2020-01-18 16:54:59,200 INFO org.springframework.boot.StartupInfoLogger [main] Started DdpApplication in 2.313 seconds (JVM running for 3.257)
2020-01-18 16:55:00,001 INFO com.paradise.ddp.task.ScheduleTask [scheduling-1] server is running ...
2020-01-18 16:56:00,001 INFO com.paradise.ddp.task.ScheduleTask [scheduling-1] server is running ...
2020-01-18 16:57:00,002 INFO com.paradise.ddp.task.ScheduleTask [scheduling-1] server is running ...
2020-01-18 16:58:00,001 INFO com.paradise.ddp.task.ScheduleTask [scheduling-1] server is running ...
2020-01-18 16:59:00,001 INFO com.paradise.ddp.task.ScheduleTask [scheduling-1] server is running ...
2020-01-18 17:00:00,003 INFO com.paradise.ddp.task.ScheduleTask [scheduling-1] server is running ...
2020-01-18 17:01:00,001 INFO com.paradise.ddp.task.ScheduleTask [scheduling-1] server is running ...
2020-01-18 17:02:00,002 INFO com.paradise.ddp.task.ScheduleTask [scheduling-1] server is running ...
2020-01-18 17:03:00,001 INFO com.paradise.ddp.task.ScheduleTask [scheduling-1] server is running ...
2020-01-18 17:04:00,002 INFO com.paradise.ddp.task.ScheduleTask [scheduling-1] server is running ...
2020-01-18 17:05:00,001 INFO com.paradise.ddp.task.ScheduleTask [scheduling-1] server is running ...
2020-01-18 17:06:00,002 INFO com.paradise.ddp.task.ScheduleTask [scheduling-1] server is running ...
2020-01-18 17:07:00,002 INFO com.paradise.ddp.task.ScheduleTask [scheduling-1] server is running ...
2020-01-18 17:08:00,002 INFO com.paradise.ddp.task.ScheduleTask [scheduling-1] server is running ...
2020-01-18 17:08:13,771 INFO org.quartz.core.QuartzScheduler [Thread-7] Scheduler quartzScheduler_$_NON_CLUSTERED paused.
2020-01-18 17:08:13,771 INFO org.springframework.scheduling.concurrent.ExecutorConfigurationSupport [Thread-7] Shutting down ExecutorService 'taskScheduler'
2020-01-18 17:08:13,772 INFO org.springframework.scheduling.quartz.SchedulerFactoryBean [Thread-7] Shutting down Quartz Scheduler
2020-01-18 17:08:13,772 INFO org.quartz.core.QuartzScheduler [Thread-7] Scheduler quartzScheduler_$_NON_CLUSTERED shutting down.
2020-01-18 17:08:13,772 INFO org.quartz.core.QuartzScheduler [Thread-7] Scheduler quartzScheduler_$_NON_CLUSTERED paused.
2020-01-18 17:08:13,772 INFO org.quartz.core.QuartzScheduler [Thread-7] Scheduler quartzScheduler_$_NON_CLUSTERED shutdown complete.
2020-01-18 17:08:13,773 INFO org.springframework.scheduling.concurrent.ExecutorConfigurationSupport [Thread-7] Shutting down ExecutorService 'applicationTaskExecutor'
